0 info it worked if it ends with ok
1 verbose cli [ '/usr/local/bin/node', '/usr/local/bin/npm', 'run', 'build' ]
2 info using npm@2.10.1
3 info using node@v0.12.4
4 verbose run-script [ 'prebuild', 'build', 'postbuild' ]
5 info prebuild react-fun@1.0.0
6 info build react-fun@1.0.0
7 verbose unsafe-perm in lifecycle true
8 info react-fun@1.0.0 Failed to exec build script
9 verbose stack Error: react-fun@1.0.0 build: `webpack --progress --color --watch --display-error-details`
9 verbose stack Exit status 137
9 verbose stack     at EventEmitter.<anonymous> (/usr/local/lib/node_modules/npm/lib/utils/lifecycle.js:213:16)
9 verbose stack     at EventEmitter.emit (events.js:110:17)
9 verbose stack     at ChildProcess.<anonymous> (/usr/local/lib/node_modules/npm/lib/utils/spawn.js:24:14)
9 verbose stack     at ChildProcess.emit (events.js:110:17)
9 verbose stack     at maybeClose (child_process.js:1015:16)
9 verbose stack     at Process.ChildProcess._handle.onexit (child_process.js:1087:5)
10 verbose pkgid react-fun@1.0.0
11 verbose cwd /home/nginx/www/tacosareawesome.com/cubing
12 error Linux 4.7.0-x86_64-linode72
13 error argv "/usr/local/bin/node" "/usr/local/bin/npm" "run" "build"
14 error node v0.12.4
15 error npm  v2.10.1
16 error code ELIFECYCLE
17 error react-fun@1.0.0 build: `webpack --progress --color --watch --display-error-details`
17 error Exit status 137
18 error Failed at the react-fun@1.0.0 build script 'webpack --progress --color --watch --display-error-details'.
18 error This is most likely a problem with the react-fun package,
18 error not with npm itself.
18 error Tell the author that this fails on your system:
18 error     webpack --progress --color --watch --display-error-details
18 error You can get their info via:
18 error     npm owner ls react-fun
18 error There is likely additional logging output above.
19 verbose exit [ 1, true ]
